<?xml version="1.0" encoding="UTF-8"?>
<testng-results ignored="0" total="1" passed="1" failed="0" skipped="0">
  <reporter-output>
  </reporter-output>
  <suite started-at="2021-04-23T17:29:47 IST" name="Surefire suite" finished-at="2021-04-23T17:30:12 IST" duration-ms="25579">
    <groups>
    </groups>
    <test started-at="2021-04-23T17:29:47 IST" name="Surefire test" finished-at="2021-04-23T17:30:12 IST" duration-ms="25579">
      <class name="com.htc.makemytrip.base.BaseTest">
        <test-method is-config="true" signature="setUp()[pri:0, instance:com.htc.makemytrip.base.BaseTest@2f4948e4]" started-at="2021-04-23T17:29:47 IST" name="setUp" finished-at="2021-04-23T17:30:09 IST" duration-ms="22110" status="PASS">
          <reporter-output>
          </reporter-output>
        </test-method> <!-- setUp -->
        <test-method signature="testcase1()[pri:0, instance:com.htc.makemytrip.base.BaseTest@2f4948e4]" started-at="2021-04-23T17:30:09 IST" name="testcase1" finished-at="2021-04-23T17:30:09 IST" duration-ms="3" status="PASS">
          <reporter-output>
          </reporter-output>
        </test-method> <!-- testcase1 -->
        <test-method is-config="true" signature="tearDown()[pri:0, instance:com.htc.makemytrip.base.BaseTest@2f4948e4]" started-at="2021-04-23T17:30:09 IST" name="tearDown" finished-at="2021-04-23T17:30:12 IST" duration-ms="3091" status="PASS">
          <reporter-output>
          </reporter-output>
        </test-method> <!-- tearDown -->
      </class> <!-- com.htc.makemytrip.base.BaseTest -->
    </test> <!-- Surefire test -->
  </suite> <!-- Surefire suite -->
</testng-results>
