<?xml version="1.0" encoding="UTF-8"?>
<testng-results ignored="0" total="1" passed="1" failed="0" skipped="0">
  <reporter-output>
  </reporter-output>
  <suite started-at="2021-05-31T16:50:46 IST" name="com.htc.makemytrip" finished-at="2021-05-31T16:52:06 IST" duration-ms="80158">
    <groups>
    </groups>
    <test started-at="2021-05-31T16:50:46 IST" name="MakeMyTrip WebPage Functionality Test" finished-at="2021-05-31T16:52:06 IST" duration-ms="80158">
      <class name="com.htc.makemytrip.test.CabFuntionalityTest">
        <test-method is-config="true" signature="setUp()[pri:0, instance:com.htc.makemytrip.test.CabFuntionalityTest@3c77d488]" started-at="2021-05-31T16:50:47 IST" name="setUp" finished-at="2021-05-31T16:51:07 IST" duration-ms="20175" status="PASS">
          <reporter-output>
          </reporter-output>
        </test-method> <!-- setUp -->
        <test-method signature="bookACabTest(java.util.Map)[pri:0, instance:com.htc.makemytrip.test.CabFuntionalityTest@3c77d488]" started-at="2021-05-31T16:51:12 IST" name="bookACabTest" data-provider="Data" finished-at="2021-05-31T16:52:05 IST" duration-ms="52971" status="PASS">
          <params>
            <param index="0">
              <value>
                <![CDATA[{ReturnDate=16/June2021, TravellerEmail=rohith.b@test.com, CarModel=Swift Dzire, DropDownTime=09:00, ToCity=Puttur AP, PickUpAddress=Sowcarpet, FromCity=Chennai, PickUpTime=07:00, TravellerName=Rohith, TravellerMobile=8428219646, DepartureDate=14/June2021}]]>
              </value>
            </param>
          </params>
          <reporter-output>
          </reporter-output>
        </test-method> <!-- bookACabTest -->
        <test-method is-config="true" signature="tearDown()[pri:0, instance:com.htc.makemytrip.test.CabFuntionalityTest@3c77d488]" started-at="2021-05-31T16:52:06 IST" name="tearDown" finished-at="2021-05-31T16:52:06 IST" duration-ms="2" status="PASS">
          <reporter-output>
          </reporter-output>
        </test-method> <!-- tearDown -->
      </class> <!-- com.htc.makemytrip.test.CabFuntionalityTest -->
    </test> <!-- MakeMyTrip WebPage Functionality Test -->
  </suite> <!-- com.htc.makemytrip -->
</testng-results>
